<?xml version="1.0" encoding="UTF-8"?>
<testng-results skipped="0" failed="0" ignored="0" total="2" passed="2">
  <reporter-output>
  </reporter-output>
  <suite name="Default suite" duration-ms="4639" started-at="2019-07-08T05:50:53Z" finished-at="2019-07-08T05:50:57Z">
    <groups>
    </groups>
    <test name="Default test" duration-ms="4639" started-at="2019-07-08T05:50:53Z" finished-at="2019-07-08T05:50:57Z">
      <class name="restapitesting.ApiJsonTest">
        <test-method status="PASS" signature="initialization()[pri:0, instance:restapitesting.ApiJsonTest@1d119efb]" name="initialization" is-config="true" duration-ms="21" started-at="2019-07-08T05:50:53Z" finished-at="2019-07-08T05:50:53Z">
          <reporter-output>
          </reporter-output>
        </test-method> <!-- initialization -->
        <test-method status="PASS" signature="addDeletePlace()[pri:0, instance:restapitesting.ApiJsonTest@1d119efb]" name="addDeletePlace" duration-ms="3878" started-at="2019-07-08T05:50:53Z" finished-at="2019-07-08T05:50:56Z">
          <reporter-output>
          </reporter-output>
        </test-method> <!-- addDeletePlace -->
        <test-method status="PASS" signature="post()[pri:0, instance:restapitesting.ApiJsonTest@1d119efb]" name="post" duration-ms="698" started-at="2019-07-08T05:50:56Z" finished-at="2019-07-08T05:50:57Z">
          <reporter-output>
          </reporter-output>
        </test-method> <!-- post -->
      </class> <!-- restapitesting.ApiJsonTest -->
    </test> <!-- Default test -->
  </suite> <!-- Default suite -->
</testng-results>
